<?xml version="1.0" encoding="UTF-8"?>
<!-- Generated by org.testng.reporters.JUnitReportReporter -->
<testsuite hostname="AR-IT28093" failures="0" tests="1" name="cucumberOptions.TestNgTestRunner" time="0.050" errors="0" timestamp="2023-07-25T11:38:37 ART" skipped="0">
  <testcase classname="cucumberOptions.TestNgTestRunner" name="runScenario" time="0.050"/>
</testsuite> <!-- cucumberOptions.TestNgTestRunner -->
