<?xml version="1.0" encoding="UTF-8"?>
<!-- Generated by org.testng.reporters.JUnitReportReporter -->
<testsuite hostname="AR-IT28093" failures="0" tests="6" name="cucumberOptions.TestNGRunner" time="0.092" errors="0" timestamp="2023-09-08T15:58:49 ART" skipped="0">
  <testcase classname="cucumberOptions.TestNGRunner" name="runScenario" time="0.006"/>
  <testcase classname="cucumberOptions.TestNGRunner" name="runScenario" time="0.008"/>
  <testcase classname="cucumberOptions.TestNGRunner" name="runScenario" time="0.006"/>
  <testcase classname="cucumberOptions.TestNGRunner" name="runScenario" time="0.063"/>
  <testcase classname="cucumberOptions.TestNGRunner" name="runScenario" time="0.004"/>
  <testcase classname="cucumberOptions.TestNGRunner" name="runScenario" time="0.005"/>
</testsuite> <!-- cucumberOptions.TestNGRunner -->
